execve("./stesc", ["./stesc", "ctf", "k1", "aaa", "k2", "bbb"], [/* 50 vars */]) = 0
brk(0)                                  = 0x80599c0
open("/etc/ld.so.preload", O_RDONLY)    = -1 ENOENT (No such file or directory)
open("/etc/ld.so.cache", O_RDONLY)      = 4
fstat(4, {st_mode=S_IFREG|0644, st_size=37410, ...}) = 0
mmap(NULL, 37410, PROT_READ, MAP_PRIVATE, 4, 0) = 0x40014000
close(4)                                = 0
open("/usr/lib/libstdc++-libc6.1-2.so.3", O_RDONLY) = 4
fstat(4, {st_mode=S_IFREG|0555, st_size=1226004, ...}) = 0
read(4, "\177ELF\1\1\1\0\0\0\0\0\0\0\0\0\3\0\3\0\1\0\0\0\20\247"..., 4096) = 4096
mmap(NULL, 4096, PROT_READ|PROT_WRITE, MAP_PRIVATE|MAP_ANONYMOUS, -1, 0) = 0x4001e000
mmap(NULL, 293640, PROT_READ|PROT_EXEC, MAP_PRIVATE, 4, 0) = 0x4001f000
mprotect(0x40058000, 60168, PROT_NONE)  = 0
mmap(0x40058000, 53248, PROT_READ|PROT_WRITE, MAP_PRIVATE|MAP_FIXED, 4, 0x38000) = 0x40058000
mmap(0x40065000, 6920, PROT_READ|PROT_WRITE, MAP_PRIVATE|MAP_FIXED|MAP_ANONYMOUS, -1, 0) = 0x40065000
close(4)                                = 0
open("/lib/libm.so.6", O_RDONLY)        = 4
fstat(4, {st_mode=S_IFREG|0755, st_size=525197, ...}) = 0
read(4, "\177ELF\1\1\1\0\0\0\0\0\0\0\0\0\3\0\3\0\1\0\0\0\220F\0"..., 4096) = 4096
mmap(NULL, 117464, PROT_READ|PROT_EXEC, MAP_PRIVATE, 4, 0) = 0x40067000
mprotect(0x40083000, 2776, PROT_NONE)   = 0
mmap(0x40083000, 4096, PROT_READ|PROT_WRITE, MAP_PRIVATE|MAP_FIXED, 4, 0x1b000) = 0x40083000
close(4)                                = 0
open("/lib/libc.so.6", O_RDONLY)        = 4
fstat(4, {st_mode=S_IFREG|0755, st_size=4061504, ...}) = 0
read(4, "\177ELF\1\1\1\0\0\0\0\0\0\0\0\0\3\0\3\0\1\0\0\0\340\213"..., 4096) = 4096
mmap(NULL, 924892, PROT_READ|PROT_EXEC, MAP_PRIVATE, 4, 0) = 0x40084000
mprotect(0x4015e000, 31964, PROT_NONE)  = 0
mmap(0x4015e000, 20480, PROT_READ|PROT_WRITE, MAP_PRIVATE|MAP_FIXED, 4, 0xd9000) = 0x4015e000
mmap(0x40163000, 11484, PROT_READ|PROT_WRITE, MAP_PRIVATE|MAP_FIXED|MAP_ANONYMOUS, -1, 0) = 0x40163000
close(4)                                = 0
munmap(0x40014000, 37410)               = 0
personality(PER_LINUX)                  = 0
getpid()                                = 5438
brk(0)                                  = 0x80599c0
brk(0x80599e0)                          = 0x80599e0
brk(0x805a000)                          = 0x805a000
brk(0x805b000)                          = 0x805b000
stat("aaa", {st_mode=S_IFREG|0644, st_size=69, ...}) = 0
open("aaa", O_RDONLY)                   = 4
read(4, "a", 1)                         = 1
read(4, "a", 1)                         = 1
read(4, "a", 1)                         = 1
read(4, "a", 1)                         = 1
read(4, "a", 1)                         = 1
read(4, "a", 1)                         = 1
read(4, "a", 1)                         = 1
read(4, "a", 1)                         = 1
read(4, "a", 1)                         = 1
read(4, "a", 1)                         = 1
read(4, "a", 1)                         = 1
read(4, "a", 1)                         = 1
read(4, "a", 1)                         = 1
read(4, "a", 1)                         = 1
read(4, "a", 1)                         = 1
read(4, "a", 1)                         = 1
read(4, "a", 1)                         = 1
read(4, "a", 1)                         = 1
read(4, "a", 1)                         = 1
read(4, "a", 1)                         = 1
read(4, "a", 1)                         = 1
read(4, "a", 1)                         = 1
read(4, "a", 1)                         = 1
read(4, "a", 1)                         = 1
read(4, "a", 1)                         = 1
read(4, "a", 1)                         = 1
read(4, "a", 1)                         = 1
read(4, "a", 1)                         = 1
read(4, "a", 1)                         = 1
read(4, "a", 1)                         = 1
read(4, "a", 1)                         = 1
read(4, "a", 1)                         = 1
read(4, "a", 1)                         = 1
read(4, "a", 1)                         = 1
read(4, "a", 1)                         = 1
read(4, "a", 1)                         = 1
read(4, "a", 1)                         = 1
read(4, "a", 1)                         = 1
read(4, "a", 1)                         = 1
read(4, "a", 1)                         = 1
read(4, "a", 1)                         = 1
read(4, "a", 1)                         = 1
read(4, "a", 1)                         = 1
read(4, "a", 1)                         = 1
read(4, "a", 1)                         = 1
read(4, "a", 1)                         = 1
read(4, "a", 1)                         = 1
read(4, "a", 1)                         = 1
read(4, "a", 1)                         = 1
read(4, "a", 1)                         = 1
read(4, "a", 1)                         = 1
read(4, "a", 1)                         = 1
read(4, "a", 1)                         = 1
read(4, "a", 1)                         = 1
read(4, "a", 1)                         = 1
read(4, "a", 1)                         = 1
read(4, "a", 1)                         = 1
read(4, "a", 1)                         = 1
read(4, "a", 1)                         = 1
read(4, "a", 1)                         = 1
read(4, "a", 1)                         = 1
read(4, "a", 1)                         = 1
read(4, "a", 1)                         = 1
read(4, "a", 1)                         = 1
read(4, "a", 1)                         = 1
read(4, "a", 1)                         = 1
read(4, "a", 1)                         = 1
read(4, "a", 1)                         = 1
read(4, "\n", 1)                        = 1
read(4, "", 1)                          = 0
stat("bbb", {st_mode=S_IFREG|0644, st_size=78, ...}) = 0
open("bbb", O_RDONLY)                   = 5
read(5, "a", 1)                         = 1
read(5, "l", 1)                         = 1
read(5, "l", 1)                         = 1
read(5, " ", 1)                         = 1
read(5, "t", 1)                         = 1
read(5, "h", 1)                         = 1
read(5, "e", 1)                         = 1
read(5, " ", 1)                         = 1
read(5, "b", 1)                         = 1
read(5, "s", 1)                         = 1
read(5, "\n", 1)                        = 1
read(5, "b", 1)                         = 1
read(5, "b", 1)                         = 1
read(5, "b", 1)                         = 1
read(5, "b", 1)                         = 1
read(5, "b", 1)                         = 1
read(5, "b", 1)                         = 1
read(5, "b", 1)                         = 1
read(5, "b", 1)                         = 1
read(5, "b", 1)                         = 1
read(5, "b", 1)                         = 1
read(5, "b", 1)                         = 1
read(5, "b", 1)                         = 1
read(5, "b", 1)                         = 1
read(5, " ", 1)                         = 1
read(5, "b", 1)                         = 1
read(5, "b", 1)                         = 1
read(5, "b", 1)                         = 1
read(5, "b", 1)                         = 1
read(5, "b", 1)                         = 1
read(5, "b", 1)                         = 1
read(5, "b", 1)                         = 1
read(5, "b", 1)                         = 1
read(5, "b", 1)                         = 1
read(5, "b", 1)                         = 1
read(5, "b", 1)                         = 1
read(5, "b", 1)                         = 1
read(5, "b", 1)                         = 1
read(5, "b", 1)                         = 1
read(5, "b", 1)                         = 1
read(5, "b", 1)                         = 1
read(5, "b", 1)                         = 1
read(5, "b", 1)                         = 1
read(5, "b", 1)                         = 1
read(5, "b", 1)                         = 1
read(5, " ", 1)                         = 1
read(5, "b", 1)                         = 1
read(5, "b", 1)                         = 1
read(5, "b", 1)                         = 1
read(5, "b", 1)                         = 1
read(5, "b", 1)                         = 1
read(5, "b", 1)                         = 1
read(5, "b", 1)                         = 1
read(5, "b", 1)                         = 1
read(5, "b", 1)                         = 1
read(5, "b", 1)                         = 1
read(5, "b", 1)                         = 1
read(5, "b", 1)                         = 1
read(5, "b", 1)                         = 1
read(5, "b", 1)                         = 1
read(5, "b", 1)                         = 1
read(5, "\n", 1)                        = 1
read(5, "b", 1)                         = 1
read(5, "b", 1)                         = 1
read(5, "b", 1)                         = 1
read(5, "b", 1)                         = 1
read(5, "b", 1)                         = 1
read(5, "b", 1)                         = 1
read(5, "b", 1)                         = 1
read(5, "b", 1)                         = 1
read(5, "b", 1)                         = 1
read(5, "b", 1)                         = 1
read(5, "b", 1)                         = 1
read(5, "b", 1)                         = 1
read(5, "b", 1)                         = 1
read(5, "b", 1)                         = 1
read(5, ".", 1)                         = 1
read(5, "\n", 1)                        = 1
read(5, "", 1)                          = 0
open("ctf", O_WRONLY|O_CREAT|O_TRUNC, 0666) = 6
open("CA.plain", O_WRONLY|O_CREAT|O_TRUNC, 0666) = 7
fstat(6, {st_mode=S_IFREG|0644, st_size=0, ...}) = 0
mmap(NULL, 4096, PROT_READ|PROT_WRITE, MAP_PRIVATE|MAP_ANONYMOUS, -1, 0) = 0x40014000
fstat(7, {st_mode=S_IFREG|0644, st_size=0, ...}) = 0
mmap(NULL, 4096, PROT_READ|PROT_WRITE, MAP_PRIVATE|MAP_ANONYMOUS, -1, 0) = 0x40015000
write(6, "p\354e\320\257\351{7\363\353%\341\244n\236G\311Nr90F\216"..., 4096) = 4096
write(6, "$\224\331V\2\256\234\302\213p\324\376}\313\224}\177\230"..., 4096) = 4096
write(6, "r\275a\225\36567\201_\254\211H\213]X\304\312\335\25\273"..., 4096) = 4096
write(6, "\361\23\255-\10}M\32ZK\356$X\205/\t\362\325\255\251\225"..., 4096) = 4096
write(6, "y\327f_\353\226\240C\374=\177\177\224\221\335b-oO8\\\274"..., 4096) = 4096
write(6, ">^|\246\314\234A\265\rA\325\35\225J\301i\242mGB\251\315"..., 4096) = 4096
write(6, "\300\35\224Mm\22\347\'\21.\343\nv\240\252\276\204GeZ_\5"..., 4096) = 4096
write(6, "1\277\232e\347\315\314z\"\350\274W\325\343\201\345\21D"..., 4096) = 4096
write(6, "\377v\326R%\320\315\221\335\272\243\201\325G\325\361c\240"..., 4096) = 4096
write(6, "l/\37X\231k\376\225\362\1\377\237\2366f?\354\344DG\253"..., 4096) = 4096
write(6, "\217\234\275\204\260\321\202)\334\300\357E\276\f\10\256"..., 4096) = 4096
write(6, "\307z\200\352R\243-F9\355\315tH\244o\372S\f\346A\305.)"..., 4096) = 4096
write(6, "\361\354_\276\231\266\204_.\310\225\\a\247\276.\274\6\22"..., 2768) = 2768
close(6)                                = 0
munmap(0x40014000, 4096)                = 0
write(7, "CI #0:\n89e78002 5a95dc16 bc91f8e"..., 3142) = 3142
close(7)                                = 0
munmap(0x40015000, 4096)                = 0
close(2)                                = 0
close(1)                                = 0
_exit(0)                                = ?
